<?xml version="1.0" encoding="UTF-8"?>
<!-- Generated by org.testng.reporters.JUnitReportReporter -->
<testsuite hostname="DESKTOP-2EVGO2K" failures="0" tests="1" name="Testpages.DashboardTest" time="17.294" errors="0" timestamp="2024-04-22T17:17:10 IST" skipped="0">
  <testcase classname="Testpages.DashboardTest" name="verifyproductlink" time="17.294"/>
  <system-out/>
</testsuite> <!-- Testpages.DashboardTest -->
