<?xml version="1.0" encoding="UTF-8"?>
<!-- Generated by org.testng.reporters.JUnitReportReporter -->
<testsuite hostname="DESKTOP-2EVGO2K" failures="0" tests="1" name="Testpages.LogintestPage" time="18.108" errors="0" timestamp="2024-04-22T16:40:07 IST" skipped="0">
  <testcase classname="Testpages.LogintestPage" name="VerifyLoginFunction" time="18.108"/>
  <system-out/>
</testsuite> <!-- Testpages.LogintestPage -->
